[2026-06-27T09:27:35.948Z] [INFO] Menyalakan server Absen Digital Siswa Backend...
[2026-06-27T09:27:35.949Z] [INFO] Memulai pemuatan cache data master dari Google Sheets...
[2026-06-27T09:27:35.961Z] [ERROR] [BaseRepo] Gagal membaca sheet USERS: error:1E08010C:DECODER routines::unsupported 
[2026-06-27T09:27:35.962Z] [ERROR] [BaseRepo] Gagal membaca sheet SISWA: error:1E08010C:DECODER routines::unsupported 
[2026-06-27T09:27:35.963Z] [ERROR] [BaseRepo] Gagal membaca sheet KELAS: error:1E08010C:DECODER routines::unsupported 
[2026-06-27T09:27:35.964Z] [ERROR] [BaseRepo] Gagal membaca sheet SESI: error:1E08010C:DECODER routines::unsupported 
[2026-06-27T09:27:35.964Z] [ERROR] [BaseRepo] Gagal membaca sheet SETTINGS: error:1E08010C:DECODER routines::unsupported 
[2026-06-27T09:27:35.965Z] [ERROR] Gagal memuat cache dari Google Sheets: error:1E08010C:DECODER routines::unsupported 
[2026-06-27T09:27:35.973Z] [INFO] Server berjalan di port 5000 dengan mode env: development
[2026-06-27T09:33:03.121Z] [INFO] Menyalakan server Absen Digital Siswa Backend...
[2026-06-27T09:33:03.122Z] [INFO] Memulai pemuatan cache data master dari Google Sheets...
[2026-06-27T09:33:03.812Z] [ERROR] [BaseRepo] Gagal membaca sheet KELAS: The caller does not have permission 
[2026-06-27T09:33:03.813Z] [ERROR] Gagal memuat cache dari Google Sheets: The caller does not have permission 
[2026-06-27T09:33:03.820Z] [INFO] Server berjalan di port 5000 dengan mode env: development
[2026-06-27T09:33:03.921Z] [ERROR] [BaseRepo] Gagal membaca sheet SETTINGS: The caller does not have permission 
[2026-06-27T09:33:03.990Z] [ERROR] [BaseRepo] Gagal membaca sheet SISWA: The caller does not have permission 
[2026-06-27T09:33:04.045Z] [ERROR] [BaseRepo] Gagal membaca sheet SESI: The caller does not have permission 
[2026-06-27T09:33:04.099Z] [ERROR] [BaseRepo] Gagal membaca sheet USERS: The caller does not have permission 
[2026-06-27T09:45:07.458Z] [INFO] Menyalakan server Absen Digital Siswa Backend...
[2026-06-27T09:45:07.460Z] [INFO] Memulai pemuatan cache data master dari Google Sheets...
[2026-06-27T09:45:08.219Z] [INFO] Pemuatan cache sukses: 2 Users, 5 Siswa, 4 Kelas, 2 Sesi.
[2026-06-27T09:45:08.226Z] [INFO] Server berjalan di port 5055 dengan mode env: test
[2026-06-27T09:45:10.853Z] [WARN] Percobaan login gagal untuk username: nonexistent_user (User tidak ditemukan)
[2026-06-27T09:47:18.860Z] [INFO] Menyalakan server Absen Digital Siswa Backend...
[2026-06-27T09:47:18.861Z] [INFO] Memulai pemuatan cache data master dari Google Sheets...
[2026-06-27T09:47:19.531Z] [INFO] Pemuatan cache sukses: 2 Users, 5 Siswa, 4 Kelas, 2 Sesi.
[2026-06-27T09:47:19.537Z] [INFO] Server berjalan di port 5000 dengan mode env: development
[2026-06-27T09:47:44.513Z] [WARN] Percobaan login gagal untuk username: admin (Password salah)
[2026-06-27T09:49:44.494Z] [INFO] Menyalakan server Absen Digital Siswa Backend...
[2026-06-27T09:49:44.495Z] [INFO] Memulai pemuatan cache data master dari Google Sheets...
[2026-06-27T09:49:45.260Z] [INFO] Pemuatan cache sukses: 2 Users, 5 Siswa, 4 Kelas, 2 Sesi.
[2026-06-27T09:49:45.266Z] [INFO] Server berjalan di port 5000 dengan mode env: development
[2026-06-27T09:50:00.394Z] [INFO] [HealthCheckJob] Memulai pengawasan status koneksi Google API...
[2026-06-27T09:50:00.815Z] [INFO] [HealthCheckJob] Koneksi ke Google Sheets API terpantau sehat.
[2026-06-27T09:51:44.538Z] [INFO] Menyalakan server Absen Digital Siswa Backend...
[2026-06-27T09:51:44.539Z] [INFO] Memulai pemuatan cache data master dari Google Sheets...
[2026-06-27T09:51:45.391Z] [INFO] Pemuatan cache sukses: 2 Users, 5 Siswa, 4 Kelas, 2 Sesi.
[2026-06-27T09:51:45.397Z] [INFO] Server berjalan di port 5000 dengan mode env: development
[2026-06-27T09:55:00.716Z] [INFO] [HealthCheckJob] Memulai pengawasan status koneksi Google API...
[2026-06-27T09:55:01.339Z] [INFO] [HealthCheckJob] Koneksi ke Google Sheets API terpantau sehat.
[2026-06-27T09:57:43.731Z] [INFO] Menyalakan server Absen Digital Siswa Backend...
[2026-06-27T09:57:43.732Z] [INFO] Memulai pemuatan cache data master dari Google Sheets...
[2026-06-27T09:57:44.538Z] [INFO] Pemuatan cache sukses: 2 Users, 5 Siswa, 4 Kelas, 2 Sesi.
[2026-06-27T09:57:44.544Z] [INFO] Server berjalan di port 5000 dengan mode env: development
[2026-06-27T09:58:03.354Z] [WARN] Percobaan login gagal untuk username: admin (Password salah)
[2026-06-27T09:58:09.750Z] [AUDIT] User: admin | Action: LOGIN | Detail: Sukses login sistem
[2026-06-27T10:00:00.633Z] [INFO] [CacheRefreshJob] Memulai penyegaran cache data master otomatis...
[2026-06-27T10:00:00.633Z] [INFO] Memulai pemuatan cache data master dari Google Sheets...
[2026-06-27T10:00:00.640Z] [INFO] [HealthCheckJob] Memulai pengawasan status koneksi Google API...
[2026-06-27T10:00:01.103Z] [INFO] Pemuatan cache sukses: 2 Users, 5 Siswa, 4 Kelas, 2 Sesi.
[2026-06-27T10:00:01.105Z] [INFO] [CacheRefreshJob] Sinkronisasi cache RAM sukses.
[2026-06-27T10:00:01.477Z] [INFO] [HealthCheckJob] Koneksi ke Google Sheets API terpantau sehat.
[2026-06-27T10:05:00.862Z] [INFO] [HealthCheckJob] Memulai pengawasan status koneksi Google API...
[2026-06-27T10:05:01.343Z] [INFO] [HealthCheckJob] Koneksi ke Google Sheets API terpantau sehat.
[2026-06-27T10:10:00.770Z] [INFO] [HealthCheckJob] Memulai pengawasan status koneksi Google API...
[2026-06-27T10:10:01.327Z] [INFO] [HealthCheckJob] Koneksi ke Google Sheets API terpantau sehat.
[2026-06-27T10:11:08.384Z] [AUDIT] User: admin | Action: LOGIN | Detail: Sukses login sistem
[2026-06-27T10:13:57.315Z] [AUDIT] User: admin | Action: LOGIN | Detail: Sukses login sistem
[2026-06-27T10:15:00.620Z] [INFO] [CacheRefreshJob] Memulai penyegaran cache data master otomatis...
[2026-06-27T10:15:00.620Z] [INFO] Memulai pemuatan cache data master dari Google Sheets...
[2026-06-27T10:15:00.629Z] [INFO] [HealthCheckJob] Memulai pengawasan status koneksi Google API...
[2026-06-27T10:15:01.073Z] [INFO] [HealthCheckJob] Koneksi ke Google Sheets API terpantau sehat.
[2026-06-27T10:15:01.444Z] [INFO] Pemuatan cache sukses: 2 Users, 5 Siswa, 4 Kelas, 2 Sesi.
[2026-06-27T10:15:01.444Z] [INFO] [CacheRefreshJob] Sinkronisasi cache RAM sukses.
[2026-06-27T10:18:47.809Z] [AUDIT] User: admin | Action: LOGIN | Detail: Sukses login sistem
[2026-06-27T10:20:00.756Z] [INFO] [HealthCheckJob] Memulai pengawasan status koneksi Google API...
[2026-06-27T10:20:01.285Z] [INFO] [HealthCheckJob] Koneksi ke Google Sheets API terpantau sehat.
[2026-06-27T10:25:00.604Z] [INFO] [HealthCheckJob] Memulai pengawasan status koneksi Google API...
[2026-06-27T10:25:01.149Z] [INFO] [HealthCheckJob] Koneksi ke Google Sheets API terpantau sehat.
